SF:lib/presentation/main_app.dart
DA:9,3
DA:11,1
DA:12,1
DA:24,1
DA:26,1
DA:27,4
DA:30,1
DA:32,2
DA:33,1
DA:36,1
DA:39,1
DA:41,1
DA:42,1
DA:44,1
DA:46,2
DA:50,1
DA:51,1
DA:52,5
DA:54,1
DA:58,1
DA:59,1
DA:60,1
DA:61,1
DA:62,1
DA:63,1
DA:65,1
DA:71,0
DA:72,0
DA:74,0
DA:75,0
DA:77,5
LF:31
LH:27
end_of_record
SF:lib/presentation/home/home_screen.dart
DA:6,2
DA:8,4
DA:11,2
DA:13,2
DA:15,2
DA:17,2
DA:18,2
DA:19,2
DA:20,2
DA:22,2
DA:24,2
DA:25,2
DA:27,2
DA:28,2
DA:30,2
DA:35,2
DA:39,2
DA:49,2
DA:50,0
DA:51,0
DA:67,2
DA:69,2
DA:71,2
DA:73,2
DA:74,2
DA:75,2
DA:76,2
DA:77,2
DA:79,2
LF:29
LH:27
end_of_record
SF:lib/presentation/profile/profile_screen.dart
DA:5,1
DA:7,2
DA:10,1
DA:12,2
LF:4
LH:4
end_of_record
SF:lib/presentation/search/search_screen.dart
DA:5,1
DA:7,2
DA:10,1
DA:12,2
LF:4
LH:4
end_of_record
SF:lib/route.dart
DA:8,0
DA:11,0
DA:13,0
DA:16,0
DA:18,0
DA:19,0
DA:20,0
DA:27,0
DA:28,0
DA:30,0
DA:31,0
DA:36,0
DA:39,0
DA:41,0
LF:14
LH:0
end_of_record
